[2026-05-29 20:27:41] =======================================================
[2026-05-29 20:27:41]   Kingshot Auto-Redeemer gestartet
[2026-05-29 20:27:41]   Player-ID : 307980766
[2026-05-29 20:27:41]   Intervall : alle 15 Minuten
[2026-05-29 20:27:41] =======================================================
[2026-05-29 20:27:41] 🔍 Prüfe auf neue Gift Codes ...
[2026-05-29 20:27:42] 🎁 5 neue Code(s) gefunden: status, data, message, meta, timestamp
[2026-05-29 20:27:42] 
▶ Löse ein: status
[2026-05-29 20:27:42]   👤 Eingeloggt als: chicken (307980766)
[2026-05-29 20:27:43]   → Unbekannte Antwort: CDK NOT FOUND
[2026-05-29 20:27:45] 
▶ Löse ein: data
[2026-05-29 20:27:45]   👤 Eingeloggt als: chicken (307980766)
[2026-05-29 20:27:46]   → Unbekannte Antwort: CDK NOT FOUND
[2026-05-29 20:27:47] 
▶ Löse ein: message
[2026-05-29 20:27:48]   👤 Eingeloggt als: chicken (307980766)
[2026-05-29 20:27:48]   → Unbekannte Antwort: CDK NOT FOUND
[2026-05-29 20:27:50] 
▶ Löse ein: meta
[2026-05-29 20:27:50]   👤 Eingeloggt als: chicken (307980766)
[2026-05-29 20:27:51]   → Unbekannte Antwort: CDK NOT FOUND
[2026-05-29 20:27:52] 
▶ Löse ein: timestamp
[2026-05-29 20:27:53]   👤 Eingeloggt als: chicken (307980766)
[2026-05-29 20:27:54]   → Unbekannte Antwort: CDK NOT FOUND
[2026-05-29 20:27:55] 
⏰ Nächste Prüfung um 20:42:55 Uhr

[2026-05-29 20:30:45] =======================================================
[2026-05-29 20:30:45]   Kingshot Auto-Redeemer started
[2026-05-29 20:30:45]   Player ID : 307980766
[2026-05-29 20:30:45]   Interval  : every 15 minutes
[2026-05-29 20:30:45] =======================================================
[2026-05-29 20:30:45] 🔍 Checking for new gift codes ...
[2026-05-29 20:30:46]    No new codes (known: 5, active: 5).
[2026-05-29 20:30:46] 
⏰ Next check at 20:45:46

[2026-05-29 20:31:44] =======================================================
[2026-05-29 20:31:44]   Kingshot Auto-Redeemer started
[2026-05-29 20:31:44]   Player ID : 307980766
[2026-05-29 20:31:44] =======================================================
[2026-05-29 20:31:44] 🔍 Checking for new gift codes ...
[2026-05-29 20:31:45]    No new codes (known: 5, active: 5).
[2026-05-29 20:31:45] 
⏰ Next check at 20:46:45

[2026-05-29 20:32:12] =======================================================
[2026-05-29 20:32:12]   Kingshot Auto-Redeemer started
[2026-05-29 20:32:12]   Player ID : 307980766
[2026-05-29 20:32:12] =======================================================
[2026-05-29 20:32:12] 🔍 Checking for new gift codes ...
[2026-05-29 20:32:13]    No new codes (known: 5, active: 5).
[2026-05-29 20:32:43] =======================================================
[2026-05-29 20:32:43]   Kingshot Auto-Redeemer started
[2026-05-29 20:32:43]   Player ID : 307980766
[2026-05-29 20:32:43]   Interval  : every 1 minutes
[2026-05-29 20:32:43] =======================================================
[2026-05-29 20:32:43] 🔍 Checking for new gift codes ...
[2026-05-29 20:32:43]    No new codes (known: 5, active: 5).
[2026-05-29 20:32:43] 
⏰ Next check at 20:33:43

[2026-05-29 20:33:43] 🔍 Checking for new gift codes ...
[2026-05-29 20:33:44]    No new codes (known: 5, active: 5).
[2026-05-29 20:33:44] 
⏰ Next check at 20:34:44

